# JRE version: OpenJDK Runtime Environment Microsoft-10800295 (17.0.14+7) (build 17.0.14+7-LTS)
# Java VM: OpenJDK 64-Bit Server VM Microsoft-10800295 (17.0.14+7-LTS, mixed mode, sharing, tiered, compressed oops, compressed class ptrs, g1 gc, windows-amd64)
GC Precious Log:
 CPUs: 12 total, 12 available
 Memory: 16235M
 Large Page Support: Disabled
 NUMA Support: Disabled
 Compressed Oops: Enabled (Zero based)
 Heap Region Size: 2M
 Heap Min Capacity: 8M
 Heap Initial Capacity: 254M
 Heap Max Capacity: 4G
 Pre-touch: Disabled
 Parallel Workers: 10
 Concurrent Workers: 3
 Concurrent Refinement Workers: 10
 Periodic GC: Disabled
Heap:
 garbage-first heap   total 178176K, used 90446K [0x0000000700000000, 0x0000000800000000)
  region size 2048K, 31 young (63488K), 3 survivors (6144K)
 Metaspace       used 39162K, committed 39680K, reserved 1114112K
  class space    used 5313K, committed 5568K, reserved 1048576K
GC Heap History (20 events):
Event: 2.808 GC heap before
{Heap before GC invocations=5 (full 0):
 garbage-first heap   total 96256K, used 67387K [0x0000000700000000, 0x0000000800000000)
  region size 2048K, 28 young (57344K), 7 survivors (14336K)
 Metaspace       used 28147K, committed 28608K, reserved 1114112K
  class space    used 3964K, committed 4160K, reserved 1048576K
}
Event: 2.814 GC heap after
{Heap after GC invocations=6 (full 0):
 garbage-first heap   total 96256K, used 27760K [0x0000000700000000, 0x0000000800000000)
  region size 2048K, 2 young (4096K), 2 survivors (4096K)
 Metaspace       used 28147K, committed 28608K, reserved 1114112K
  class space    used 3964K, committed 4160K, reserved 1048576K
}
Event: 2.831 GC heap before
{Heap before GC invocations=6 (full 0):
 garbage-first heap   total 96256K, used 27760K [0x0000000700000000, 0x0000000800000000)
  region size 2048K, 3 young (6144K), 2 survivors (4096K)
 Metaspace       used 28482K, committed 28928K, reserved 1114112K
  class space    used 4024K, committed 4224K, reserved 1048576K
}
Event: 2.834 GC heap after
{Heap after GC invocations=7 (full 0):
 garbage-first heap   total 96256K, used 28437K [0x0000000700000000, 0x0000000800000000)
  region size 2048K, 1 young (2048K), 1 survivors (2048K)
 Metaspace       used 28482K, committed 28928K, reserved 1114112K
  class space    used 4024K, committed 4224K, reserved 1048576K
}
Event: 3.171 GC heap before
{Heap before GC invocations=7 (full 0):
 garbage-first heap   total 96256K, used 65301K [0x0000000700000000, 0x0000000800000000)
  region size 2048K, 20 young (40960K), 1 survivors (2048K)
 Metaspace       used 31655K, committed 32000K, reserved 1114112K
  class space    used 4456K, committed 4608K, reserved 1048576K
}
Event: 3.173 GC heap after
{Heap after GC invocations=8 (full 0):
 garbage-first heap   total 96256K, used 30546K [0x0000000700000000, 0x0000000800000000)
  region size 2048K, 2 young (4096K), 2 survivors (4096K)
 Metaspace       used 31655K, committed 32000K, reserved 1114112K
  class space    used 4456K, committed 4608K, reserved 1048576K
}
Event: 3.512 GC heap before
{Heap before GC invocations=8 (full 0):
 garbage-first heap   total 96256K, used 65362K [0x0000000700000000, 0x0000000800000000)
  region size 2048K, 19 young (38912K), 2 survivors (4096K)
 Metaspace       used 35607K, committed 35968K, reserved 1114112K
  class space    used 4948K, committed 5120K, reserved 1048576K
}
Event: 3.515 GC heap after
{Heap after GC invocations=9 (full 0):
 garbage-first heap   total 96256K, used 31956K [0x0000000700000000, 0x0000000800000000)
  region size 2048K, 3 young (6144K), 3 survivors (6144K)
 Metaspace       used 35607K, committed 35968K, reserved 1114112K
  class space    used 4948K, committed 5120K, reserved 1048576K
}
Event: 3.727 GC heap before
{Heap before GC invocations=10 (full 0):
 garbage-first heap   total 96256K, used 68820K [0x0000000700000000, 0x0000000800000000)
  region size 2048K, 22 young (45056K), 3 survivors (6144K)
 Metaspace       used 38101K, committed 38656K, reserved 1114112K
  class space    used 5231K, committed 5504K, reserved 1048576K
}
Event: 3.730 GC heap after
{Heap after GC invocations=11 (full 0):
 garbage-first heap   total 96256K, used 32848K [0x0000000700000000, 0x0000000800000000)
  region size 2048K, 2 young (4096K), 2 survivors (4096K)
 Metaspace       used 38101K, committed 38656K, reserved 1114112K
  class space    used 5231K, committed 5504K, reserved 1048576K
}
Event: 3.917 GC heap before
{Heap before GC invocations=11 (full 0):
 garbage-first heap   total 96256K, used 73808K [0x0000000700000000, 0x0000000800000000)
  region size 2048K, 22 young (45056K), 2 survivors (4096K)
 Metaspace       used 39006K, committed 39552K, reserved 1114112K
  class space    used 5312K, committed 5568K, reserved 1048576K
}
Event: 3.919 GC heap after
{Heap after GC invocations=12 (full 0):
 garbage-first heap   total 147456K, used 33194K [0x0000000700000000, 0x0000000800000000)
  region size 2048K, 2 young (4096K), 2 survivors (4096K)
 Metaspace       used 39006K, committed 39552K, reserved 1114112K
  class space    used 5312K, committed 5568K, reserved 1048576K
}
Event: 4.152 GC heap before
{Heap before GC invocations=12 (full 0):
 garbage-first heap   total 147456K, used 117162K [0x0000000700000000, 0x0000000800000000)
  region size 2048K, 43 young (88064K), 2 survivors (4096K)
 Metaspace       used 39119K, committed 39616K, reserved 1114112K
  class space    used 5312K, committed 5568K, reserved 1048576K
}
Event: 4.155 GC heap after
{Heap after GC invocations=13 (full 0):
 garbage-first heap   total 147456K, used 33731K [0x0000000700000000, 0x0000000800000000)
  region size 2048K, 2 young (4096K), 2 survivors (4096K)
 Metaspace       used 39119K, committed 39616K, reserved 1114112K
  class space    used 5312K, committed 5568K, reserved 1048576K
}
Event: 4.343 GC heap before
{Heap before GC invocations=13 (full 0):
 garbage-first heap   total 147456K, used 117699K [0x0000000700000000, 0x0000000800000000)
  region size 2048K, 43 young (88064K), 2 survivors (4096K)
 Metaspace       used 39151K, committed 39680K, reserved 1114112K
  class space    used 5313K, committed 5568K, reserved 1048576K
}
Event: 4.345 GC heap after
{Heap after GC invocations=14 (full 0):
 garbage-first heap   total 147456K, used 34308K [0x0000000700000000, 0x0000000800000000)
  region size 2048K, 3 young (6144K), 3 survivors (6144K)
 Metaspace       used 39151K, committed 39680K, reserved 1114112K
  class space    used 5313K, committed 5568K, reserved 1048576K
}
Event: 4.515 GC heap before
{Heap before GC invocations=14 (full 0):
 garbage-first heap   total 147456K, used 116228K [0x0000000700000000, 0x0000000800000000)
  region size 2048K, 43 young (88064K), 3 survivors (6144K)
 Metaspace       used 39158K, committed 39680K, reserved 1114112K
  class space    used 5313K, committed 5568K, reserved 1048576K
}
Event: 4.518 GC heap after
{Heap after GC invocations=15 (full 0):
 garbage-first heap   total 147456K, used 34561K [0x0000000700000000, 0x0000000800000000)
  region size 2048K, 3 young (6144K), 3 survivors (6144K)
 Metaspace       used 39158K, committed 39680K, reserved 1114112K
  class space    used 5313K, committed 5568K, reserved 1048576K
}
Event: 4.697 GC heap before
{Heap before GC invocations=15 (full 0):
 garbage-first heap   total 147456K, used 116481K [0x0000000700000000, 0x0000000800000000)
  region size 2048K, 43 young (88064K), 3 survivors (6144K)
 Metaspace       used 39160K, committed 39680K, reserved 1114112K
  class space    used 5313K, committed 5568K, reserved 1048576K
}
Event: 4.700 GC heap after
{Heap after GC invocations=16 (full 0):
 garbage-first heap   total 178176K, used 35150K [0x0000000700000000, 0x0000000800000000)
  region size 2048K, 3 young (6144K), 3 survivors (6144K)
 Metaspace       used 39160K, committed 39680K, reserved 1114112K
  class space    used 5313K, committed 5568K, reserved 1048576K
}

