# JRE version: OpenJDK Runtime Environment Microsoft-10800295 (17.0.14+7) (build 17.0.14+7-LTS)
# Java VM: OpenJDK 64-Bit Server VM Microsoft-10800295 (17.0.14+7-LTS, mixed mode, sharing, tiered, compressed oops, compressed class ptrs, g1 gc, windows-amd64)
GC Precious Log:
 CPUs: 12 total, 12 available
 Memory: 16235M
 Large Page Support: Disabled
 NUMA Support: Disabled
 Compressed Oops: Enabled (Zero based)
 Heap Region Size: 2M
 Heap Min Capacity: 8M
 Heap Initial Capacity: 254M
 Heap Max Capacity: 4G
 Pre-touch: Disabled
 Parallel Workers: 10
 Concurrent Workers: 3
 Concurrent Refinement Workers: 10
 Periodic GC: Disabled
Heap:
 garbage-first heap   total 264192K, used 108945K [0x0000000700000000, 0x0000000800000000)
  region size 2048K, 38 young (77824K), 5 survivors (10240K)
 Metaspace       used 39273K, committed 39808K, reserved 1114112K
  class space    used 5327K, committed 5568K, reserved 1048576K
GC Heap History (20 events):
Event: 5.470 GC heap before
{Heap before GC invocations=19 (full 0):
 garbage-first heap   total 182272K, used 136411K [0x0000000700000000, 0x0000000800000000)
  region size 2048K, 53 young (108544K), 3 survivors (6144K)
 Metaspace       used 39246K, committed 39744K, reserved 1114112K
  class space    used 5326K, committed 5568K, reserved 1048576K
}
Event: 5.474 GC heap after
{Heap after GC invocations=20 (full 0):
 garbage-first heap   total 182272K, used 36960K [0x0000000700000000, 0x0000000800000000)
  region size 2048K, 4 young (8192K), 4 survivors (8192K)
 Metaspace       used 39246K, committed 39744K, reserved 1114112K
  class space    used 5326K, committed 5568K, reserved 1048576K
}
Event: 5.691 GC heap before
{Heap before GC invocations=20 (full 0):
 garbage-first heap   total 182272K, used 137312K [0x0000000700000000, 0x0000000800000000)
  region size 2048K, 53 young (108544K), 4 survivors (8192K)
 Metaspace       used 39250K, committed 39744K, reserved 1114112K
  class space    used 5326K, committed 5568K, reserved 1048576K
}
Event: 5.695 GC heap after
{Heap after GC invocations=21 (full 0):
 garbage-first heap   total 182272K, used 37815K [0x0000000700000000, 0x0000000800000000)
  region size 2048K, 4 young (8192K), 4 survivors (8192K)
 Metaspace       used 39250K, committed 39744K, reserved 1114112K
  class space    used 5326K, committed 5568K, reserved 1048576K
}
Event: 5.916 GC heap before
{Heap before GC invocations=21 (full 0):
 garbage-first heap   total 182272K, used 138167K [0x0000000700000000, 0x0000000800000000)
  region size 2048K, 53 young (108544K), 4 survivors (8192K)
 Metaspace       used 39253K, committed 39744K, reserved 1114112K
  class space    used 5326K, committed 5568K, reserved 1048576K
}
Event: 5.920 GC heap after
{Heap after GC invocations=22 (full 0):
 garbage-first heap   total 219136K, used 38306K [0x0000000700000000, 0x0000000800000000)
  region size 2048K, 5 young (10240K), 5 survivors (10240K)
 Metaspace       used 39253K, committed 39744K, reserved 1114112K
  class space    used 5326K, committed 5568K, reserved 1048576K
}
Event: 6.154 GC heap before
{Heap before GC invocations=22 (full 0):
 garbage-first heap   total 219136K, used 159138K [0x0000000700000000, 0x0000000800000000)
  region size 2048K, 64 young (131072K), 5 survivors (10240K)
 Metaspace       used 39254K, committed 39744K, reserved 1114112K
  class space    used 5326K, committed 5568K, reserved 1048576K
}
Event: 6.158 GC heap after
{Heap after GC invocations=23 (full 0):
 garbage-first heap   total 219136K, used 39056K [0x0000000700000000, 0x0000000800000000)
  region size 2048K, 5 young (10240K), 5 survivors (10240K)
 Metaspace       used 39254K, committed 39744K, reserved 1114112K
  class space    used 5326K, committed 5568K, reserved 1048576K
}
Event: 6.337 GC heap before
{Heap before GC invocations=23 (full 0):
 garbage-first heap   total 219136K, used 159888K [0x0000000700000000, 0x0000000800000000)
  region size 2048K, 64 young (131072K), 5 survivors (10240K)
 Metaspace       used 39254K, committed 39744K, reserved 1114112K
  class space    used 5326K, committed 5568K, reserved 1048576K
}
Event: 6.342 GC heap after
{Heap after GC invocations=24 (full 0):
 garbage-first heap   total 219136K, used 39906K [0x0000000700000000, 0x0000000800000000)
  region size 2048K, 4 young (8192K), 4 survivors (8192K)
 Metaspace       used 39254K, committed 39744K, reserved 1114112K
  class space    used 5326K, committed 5568K, reserved 1048576K
}
Event: 6.559 GC heap before
{Heap before GC invocations=24 (full 0):
 garbage-first heap   total 219136K, used 162786K [0x0000000700000000, 0x0000000800000000)
  region size 2048K, 64 young (131072K), 4 survivors (8192K)
 Metaspace       used 39259K, committed 39808K, reserved 1114112K
  class space    used 5326K, committed 5568K, reserved 1048576K
}
Event: 6.563 GC heap after
{Heap after GC invocations=25 (full 0):
 garbage-first heap   total 219136K, used 41048K [0x0000000700000000, 0x0000000800000000)
  region size 2048K, 5 young (10240K), 5 survivors (10240K)
 Metaspace       used 39259K, committed 39808K, reserved 1114112K
  class space    used 5326K, committed 5568K, reserved 1048576K
}
Event: 6.728 GC heap before
{Heap before GC invocations=25 (full 0):
 garbage-first heap   total 219136K, used 161880K [0x0000000700000000, 0x0000000800000000)
  region size 2048K, 64 young (131072K), 5 survivors (10240K)
 Metaspace       used 39259K, committed 39808K, reserved 1114112K
  class space    used 5326K, committed 5568K, reserved 1048576K
}
Event: 6.732 GC heap after
{Heap after GC invocations=26 (full 0):
 garbage-first heap   total 264192K, used 41244K [0x0000000700000000, 0x0000000800000000)
  region size 2048K, 5 young (10240K), 5 survivors (10240K)
 Metaspace       used 39259K, committed 39808K, reserved 1114112K
  class space    used 5326K, committed 5568K, reserved 1048576K
}
Event: 6.942 GC heap before
{Heap before GC invocations=26 (full 0):
 garbage-first heap   total 264192K, used 188700K [0x0000000700000000, 0x0000000800000000)
  region size 2048K, 77 young (157696K), 5 survivors (10240K)
 Metaspace       used 39264K, committed 39808K, reserved 1114112K
  class space    used 5326K, committed 5568K, reserved 1048576K
}
Event: 6.946 GC heap after
{Heap after GC invocations=27 (full 0):
 garbage-first heap   total 264192K, used 42538K [0x0000000700000000, 0x0000000800000000)
  region size 2048K, 5 young (10240K), 5 survivors (10240K)
 Metaspace       used 39264K, committed 39808K, reserved 1114112K
  class space    used 5326K, committed 5568K, reserved 1048576K
}
Event: 7.085 GC heap before
{Heap before GC invocations=27 (full 0):
 garbage-first heap   total 264192K, used 189994K [0x0000000700000000, 0x0000000800000000)
  region size 2048K, 77 young (157696K), 5 survivors (10240K)
 Metaspace       used 39268K, committed 39808K, reserved 1114112K
  class space    used 5327K, committed 5568K, reserved 1048576K
}
Event: 7.089 GC heap after
{Heap after GC invocations=28 (full 0):
 garbage-first heap   total 264192K, used 42698K [0x0000000700000000, 0x0000000800000000)
  region size 2048K, 5 young (10240K), 5 survivors (10240K)
 Metaspace       used 39268K, committed 39808K, reserved 1114112K
  class space    used 5327K, committed 5568K, reserved 1048576K
}
Event: 7.277 GC heap before
{Heap before GC invocations=28 (full 0):
 garbage-first heap   total 264192K, used 190154K [0x0000000700000000, 0x0000000800000000)
  region size 2048K, 77 young (157696K), 5 survivors (10240K)
 Metaspace       used 39273K, committed 39808K, reserved 1114112K
  class space    used 5327K, committed 5568K, reserved 1048576K
}
Event: 7.282 GC heap after
{Heap after GC invocations=29 (full 0):
 garbage-first heap   total 264192K, used 43409K [0x0000000700000000, 0x0000000800000000)
  region size 2048K, 5 young (10240K), 5 survivors (10240K)
 Metaspace       used 39273K, committed 39808K, reserved 1114112K
  class space    used 5327K, committed 5568K, reserved 1048576K
}

