# JRE version: OpenJDK Runtime Environment Microsoft-10800295 (17.0.14+7) (build 17.0.14+7-LTS)
# Java VM: OpenJDK 64-Bit Server VM Microsoft-10800295 (17.0.14+7-LTS, mixed mode, sharing, tiered, compressed oops, compressed class ptrs, g1 gc, windows-amd64)
GC Precious Log:
 CPUs: 12 total, 12 available
 Memory: 16235M
 Large Page Support: Disabled
 NUMA Support: Disabled
 Compressed Oops: Enabled (32-bit)
 Heap Region Size: 1M
 Heap Min Capacity: 8M
 Heap Initial Capacity: 254M
 Heap Max Capacity: 2G
 Pre-touch: Disabled
 Parallel Workers: 10
 Concurrent Workers: 3
 Concurrent Refinement Workers: 10
 Periodic GC: Disabled
Heap:
 garbage-first heap   total 360448K, used 137733K [0x0000000080000000, 0x0000000100000000)
  region size 1024K, 2 young (2048K), 2 survivors (2048K)
 Metaspace       used 134021K, committed 134848K, reserved 557056K
  class space    used 16944K, committed 17344K, reserved 425984K
GC Heap History (20 events):
Event: 36.396 GC heap after
{Heap after GC invocations=79 (full 0):
 garbage-first heap   total 297984K, used 110615K [0x0000000080000000, 0x0000000100000000)
  region size 1024K, 11 young (11264K), 11 survivors (11264K)
 Metaspace       used 133550K, committed 134336K, reserved 557056K
  class space    used 16919K, committed 17280K, reserved 425984K
}
Event: 36.773 GC heap before
{Heap before GC invocations=79 (full 0):
 garbage-first heap   total 297984K, used 252951K [0x0000000080000000, 0x0000000100000000)
  region size 1024K, 150 young (153600K), 11 survivors (11264K)
 Metaspace       used 133550K, committed 134336K, reserved 557056K
  class space    used 16919K, committed 17280K, reserved 425984K
}
Event: 36.777 GC heap after
{Heap after GC invocations=80 (full 0):
 garbage-first heap   total 297984K, used 113832K [0x0000000080000000, 0x0000000100000000)
  region size 1024K, 8 young (8192K), 8 survivors (8192K)
 Metaspace       used 133550K, committed 134336K, reserved 557056K
  class space    used 16919K, committed 17280K, reserved 425984K
}
Event: 37.100 GC heap before
{Heap before GC invocations=80 (full 0):
 garbage-first heap   total 297984K, used 255144K [0x0000000080000000, 0x0000000100000000)
  region size 1024K, 146 young (149504K), 8 survivors (8192K)
 Metaspace       used 133550K, committed 134336K, reserved 557056K
  class space    used 16919K, committed 17280K, reserved 425984K
}
Event: 37.103 GC heap after
{Heap after GC invocations=81 (full 0):
 garbage-first heap   total 297984K, used 115658K [0x0000000080000000, 0x0000000100000000)
  region size 1024K, 10 young (10240K), 10 survivors (10240K)
 Metaspace       used 133550K, committed 134336K, reserved 557056K
  class space    used 16919K, committed 17280K, reserved 425984K
}
Event: 37.450 GC heap before
{Heap before GC invocations=81 (full 0):
 garbage-first heap   total 297984K, used 256970K [0x0000000080000000, 0x0000000100000000)
  region size 1024K, 147 young (150528K), 10 survivors (10240K)
 Metaspace       used 133621K, committed 134400K, reserved 557056K
  class space    used 16920K, committed 17280K, reserved 425984K
}
Event: 37.461 GC heap after
{Heap after GC invocations=82 (full 0):
 garbage-first heap   total 297984K, used 130448K [0x0000000080000000, 0x0000000100000000)
  region size 1024K, 19 young (19456K), 19 survivors (19456K)
 Metaspace       used 133621K, committed 134400K, reserved 557056K
  class space    used 16920K, committed 17280K, reserved 425984K
}
Event: 37.646 GC heap before
{Heap before GC invocations=82 (full 0):
 garbage-first heap   total 297984K, used 242064K [0x0000000080000000, 0x0000000100000000)
  region size 1024K, 129 young (132096K), 19 survivors (19456K)
 Metaspace       used 133740K, committed 134528K, reserved 557056K
  class space    used 16924K, committed 17280K, reserved 425984K
}
Event: 37.669 GC heap after
{Heap after GC invocations=83 (full 0):
 garbage-first heap   total 297984K, used 160126K [0x0000000080000000, 0x0000000100000000)
  region size 1024K, 17 young (17408K), 17 survivors (17408K)
 Metaspace       used 133740K, committed 134528K, reserved 557056K
  class space    used 16924K, committed 17280K, reserved 425984K
}
Event: 37.722 GC heap before
{Heap before GC invocations=83 (full 0):
 garbage-first heap   total 297984K, used 204158K [0x0000000080000000, 0x0000000100000000)
  region size 1024K, 62 young (63488K), 17 survivors (17408K)
 Metaspace       used 133784K, committed 134592K, reserved 557056K
  class space    used 16925K, committed 17280K, reserved 425984K
}
Event: 37.734 GC heap after
{Heap after GC invocations=84 (full 0):
 garbage-first heap   total 297984K, used 166533K [0x0000000080000000, 0x0000000100000000)
  region size 1024K, 8 young (8192K), 8 survivors (8192K)
 Metaspace       used 133784K, committed 134592K, reserved 557056K
  class space    used 16925K, committed 17280K, reserved 425984K
}
Event: 37.940 GC heap before
{Heap before GC invocations=85 (full 0):
 garbage-first heap   total 337920K, used 236165K [0x0000000080000000, 0x0000000100000000)
  region size 1024K, 77 young (78848K), 8 survivors (8192K)
 Metaspace       used 133846K, committed 134592K, reserved 557056K
  class space    used 16925K, committed 17280K, reserved 425984K
}
Event: 37.950 GC heap after
{Heap after GC invocations=86 (full 0):
 garbage-first heap   total 337920K, used 173309K [0x0000000080000000, 0x0000000100000000)
  region size 1024K, 8 young (8192K), 8 survivors (8192K)
 Metaspace       used 133846K, committed 134592K, reserved 557056K
  class space    used 16925K, committed 17280K, reserved 425984K
}
Event: 37.961 GC heap before
{Heap before GC invocations=86 (full 0):
 garbage-first heap   total 337920K, used 182525K [0x0000000080000000, 0x0000000100000000)
  region size 1024K, 16 young (16384K), 8 survivors (8192K)
 Metaspace       used 133854K, committed 134592K, reserved 557056K
  class space    used 16925K, committed 17280K, reserved 425984K
}
Event: 37.969 GC heap after
{Heap after GC invocations=87 (full 0):
 garbage-first heap   total 337920K, used 161370K [0x0000000080000000, 0x0000000100000000)
  region size 1024K, 2 young (2048K), 2 survivors (2048K)
 Metaspace       used 133854K, committed 134592K, reserved 557056K
  class space    used 16925K, committed 17280K, reserved 425984K
}
Event: 38.103 GC heap before
{Heap before GC invocations=87 (full 0):
 garbage-first heap   total 337920K, used 266842K [0x0000000080000000, 0x0000000100000000)
  region size 1024K, 102 young (104448K), 2 survivors (2048K)
 Metaspace       used 133994K, committed 134784K, reserved 557056K
  class space    used 16944K, committed 17344K, reserved 425984K
}
Event: 38.108 GC heap after
{Heap after GC invocations=88 (full 0):
 garbage-first heap   total 337920K, used 165450K [0x0000000080000000, 0x0000000100000000)
  region size 1024K, 3 young (3072K), 3 survivors (3072K)
 Metaspace       used 133994K, committed 134784K, reserved 557056K
  class space    used 16944K, committed 17344K, reserved 425984K
}
Event: 38.320 GC heap before
{Heap before GC invocations=89 (full 0):
 garbage-first heap   total 360448K, used 264778K [0x0000000080000000, 0x0000000100000000)
  region size 1024K, 105 young (107520K), 3 survivors (3072K)
 Metaspace       used 134021K, committed 134848K, reserved 557056K
  class space    used 16944K, committed 17344K, reserved 425984K
}
Event: 38.324 GC heap after
{Heap after GC invocations=90 (full 0):
 garbage-first heap   total 360448K, used 161607K [0x0000000080000000, 0x0000000100000000)
  region size 1024K, 3 young (3072K), 3 survivors (3072K)
 Metaspace       used 134021K, committed 134848K, reserved 557056K
  class space    used 16944K, committed 17344K, reserved 425984K
}
Event: 38.347 GC heap before
{Heap before GC invocations=90 (full 0):
 garbage-first heap   total 360448K, used 174919K [0x0000000080000000, 0x0000000100000000)
  region size 1024K, 17 young (17408K), 3 survivors (3072K)
 Metaspace       used 134021K, committed 134848K, reserved 557056K
  class space    used 16944K, committed 17344K, reserved 425984K
}

