# JRE version: OpenJDK Runtime Environment Microsoft-10800295 (17.0.14+7) (build 17.0.14+7-LTS)
# Java VM: OpenJDK 64-Bit Server VM Microsoft-10800295 (17.0.14+7-LTS, mixed mode, sharing, tiered, compressed oops, compressed class ptrs, g1 gc, windows-amd64)
GC Precious Log:
 CPUs: 12 total, 12 available
 Memory: 16235M
 Large Page Support: Disabled
 NUMA Support: Disabled
 Compressed Oops: Enabled (Zero based)
 Heap Region Size: 2M
 Heap Min Capacity: 8M
 Heap Initial Capacity: 254M
 Heap Max Capacity: 4G
 Pre-touch: Disabled
 Parallel Workers: 10
 Concurrent Workers: 3
 Concurrent Refinement Workers: 10
 Periodic GC: Disabled
Heap:
 garbage-first heap   total 198656K, used 92114K [0x0000000700000000, 0x0000000800000000)
  region size 2048K, 4 young (8192K), 4 survivors (8192K)
 Metaspace       used 116863K, committed 117568K, reserved 1179648K
  class space    used 14953K, committed 15296K, reserved 1048576K
GC Heap History (20 events):
Event: 18.413 GC heap after
{Heap after GC invocations=56 (full 0):
 garbage-first heap   total 198656K, used 67154K [0x0000000700000000, 0x0000000800000000)
  region size 2048K, 1 young (2048K), 1 survivors (2048K)
 Metaspace       used 67509K, committed 68096K, reserved 1114112K
  class space    used 9203K, committed 9472K, reserved 1048576K
}
Event: 19.242 GC heap before
{Heap before GC invocations=56 (full 0):
 garbage-first heap   total 198656K, used 157266K [0x0000000700000000, 0x0000000800000000)
  region size 2048K, 45 young (92160K), 1 survivors (2048K)
 Metaspace       used 78148K, committed 78720K, reserved 1179648K
  class space    used 10404K, committed 10688K, reserved 1048576K
}
Event: 19.246 GC heap after
{Heap after GC invocations=57 (full 0):
 garbage-first heap   total 198656K, used 70482K [0x0000000700000000, 0x0000000800000000)
  region size 2048K, 3 young (6144K), 3 survivors (6144K)
 Metaspace       used 78148K, committed 78720K, reserved 1179648K
  class space    used 10404K, committed 10688K, reserved 1048576K
}
Event: 19.941 GC heap before
{Heap before GC invocations=57 (full 0):
 garbage-first heap   total 198656K, used 158546K [0x0000000700000000, 0x0000000800000000)
  region size 2048K, 46 young (94208K), 3 survivors (6144K)
 Metaspace       used 82661K, committed 83328K, reserved 1179648K
  class space    used 10899K, committed 11200K, reserved 1048576K
}
Event: 19.948 GC heap after
{Heap after GC invocations=58 (full 0):
 garbage-first heap   total 198656K, used 76513K [0x0000000700000000, 0x0000000800000000)
  region size 2048K, 6 young (12288K), 6 survivors (12288K)
 Metaspace       used 82661K, committed 83328K, reserved 1179648K
  class space    used 10899K, committed 11200K, reserved 1048576K
}
Event: 20.844 GC heap before
{Heap before GC invocations=58 (full 0):
 garbage-first heap   total 198656K, used 158433K [0x0000000700000000, 0x0000000800000000)
  region size 2048K, 46 young (94208K), 6 survivors (12288K)
 Metaspace       used 91518K, committed 92160K, reserved 1179648K
  class space    used 11925K, committed 12224K, reserved 1048576K
}
Event: 20.852 GC heap after
{Heap after GC invocations=59 (full 0):
 garbage-first heap   total 198656K, used 81453K [0x0000000700000000, 0x0000000800000000)
  region size 2048K, 6 young (12288K), 6 survivors (12288K)
 Metaspace       used 91518K, committed 92160K, reserved 1179648K
  class space    used 11925K, committed 12224K, reserved 1048576K
}
Event: 21.556 GC heap before
{Heap before GC invocations=59 (full 0):
 garbage-first heap   total 198656K, used 140845K [0x0000000700000000, 0x0000000800000000)
  region size 2048K, 36 young (73728K), 6 survivors (12288K)
 Metaspace       used 100468K, committed 101120K, reserved 1179648K
  class space    used 12728K, committed 13056K, reserved 1048576K
}
Event: 21.562 GC heap after
{Heap after GC invocations=60 (full 0):
 garbage-first heap   total 198656K, used 83996K [0x0000000700000000, 0x0000000800000000)
  region size 2048K, 4 young (8192K), 4 survivors (8192K)
 Metaspace       used 100468K, committed 101120K, reserved 1179648K
  class space    used 12728K, committed 13056K, reserved 1048576K
}
Event: 23.856 GC heap before
{Heap before GC invocations=61 (full 0):
 garbage-first heap   total 198656K, used 160335K [0x0000000700000000, 0x0000000800000000)
  region size 2048K, 42 young (86016K), 4 survivors (8192K)
 Metaspace       used 113417K, committed 114112K, reserved 1179648K
  class space    used 14443K, committed 14784K, reserved 1048576K
}
Event: 23.864 GC heap after
{Heap after GC invocations=62 (full 0):
 garbage-first heap   total 198656K, used 85923K [0x0000000700000000, 0x0000000800000000)
  region size 2048K, 6 young (12288K), 6 survivors (12288K)
 Metaspace       used 113417K, committed 114112K, reserved 1179648K
  class space    used 14443K, committed 14784K, reserved 1048576K
}
Event: 26.937 GC heap before
{Heap before GC invocations=62 (full 0):
 garbage-first heap   total 198656K, used 161699K [0x0000000700000000, 0x0000000800000000)
  region size 2048K, 43 young (88064K), 6 survivors (12288K)
 Metaspace       used 116836K, committed 117568K, reserved 1179648K
  class space    used 14950K, committed 15296K, reserved 1048576K
}
Event: 26.946 GC heap after
{Heap after GC invocations=63 (full 0):
 garbage-first heap   total 198656K, used 88453K [0x0000000700000000, 0x0000000800000000)
  region size 2048K, 4 young (8192K), 4 survivors (8192K)
 Metaspace       used 116836K, committed 117568K, reserved 1179648K
  class space    used 14950K, committed 15296K, reserved 1048576K
}
Event: 27.106 GC heap before
{Heap before GC invocations=63 (full 0):
 garbage-first heap   total 198656K, used 164229K [0x0000000700000000, 0x0000000800000000)
  region size 2048K, 41 young (83968K), 4 survivors (8192K)
 Metaspace       used 116863K, committed 117568K, reserved 1179648K
  class space    used 14953K, committed 15296K, reserved 1048576K
}
Event: 27.112 GC heap after
{Heap after GC invocations=64 (full 0):
 garbage-first heap   total 198656K, used 89319K [0x0000000700000000, 0x0000000800000000)
  region size 2048K, 2 young (4096K), 2 survivors (4096K)
 Metaspace       used 116863K, committed 117568K, reserved 1179648K
  class space    used 14953K, committed 15296K, reserved 1048576K
}
Event: 27.225 GC heap before
{Heap before GC invocations=64 (full 0):
 garbage-first heap   total 198656K, used 167143K [0x0000000700000000, 0x0000000800000000)
  region size 2048K, 40 young (81920K), 2 survivors (4096K)
 Metaspace       used 116863K, committed 117568K, reserved 1179648K
  class space    used 14953K, committed 15296K, reserved 1048576K
}
Event: 27.227 GC heap after
{Heap after GC invocations=65 (full 0):
 garbage-first heap   total 198656K, used 89943K [0x0000000700000000, 0x0000000800000000)
  region size 2048K, 3 young (6144K), 3 survivors (6144K)
 Metaspace       used 116863K, committed 117568K, reserved 1179648K
  class space    used 14953K, committed 15296K, reserved 1048576K
}
Event: 27.340 GC heap before
{Heap before GC invocations=65 (full 0):
 garbage-first heap   total 198656K, used 165719K [0x0000000700000000, 0x0000000800000000)
  region size 2048K, 40 young (81920K), 3 survivors (6144K)
 Metaspace       used 116863K, committed 117568K, reserved 1179648K
  class space    used 14953K, committed 15296K, reserved 1048576K
}
Event: 27.343 GC heap after
{Heap after GC invocations=66 (full 0):
 garbage-first heap   total 198656K, used 90965K [0x0000000700000000, 0x0000000800000000)
  region size 2048K, 3 young (6144K), 3 survivors (6144K)
 Metaspace       used 116863K, committed 117568K, reserved 1179648K
  class space    used 14953K, committed 15296K, reserved 1048576K
}
Event: 27.454 GC heap before
{Heap before GC invocations=66 (full 0):
 garbage-first heap   total 198656K, used 168789K [0x0000000700000000, 0x0000000800000000)
  region size 2048K, 41 young (83968K), 3 survivors (6144K)
 Metaspace       used 116863K, committed 117568K, reserved 1179648K
  class space    used 14953K, committed 15296K, reserved 1048576K
}

