# JRE version: OpenJDK Runtime Environment Microsoft-10800295 (17.0.14+7) (build 17.0.14+7-LTS)
# Java VM: OpenJDK 64-Bit Server VM Microsoft-10800295 (17.0.14+7-LTS, mixed mode, sharing, tiered, compressed oops, compressed class ptrs, g1 gc, windows-amd64)
GC Precious Log:
 CPUs: 12 total, 12 available
 Memory: 16235M
 Large Page Support: Disabled
 NUMA Support: Disabled
 Compressed Oops: Enabled (32-bit)
 Heap Region Size: 1M
 Heap Min Capacity: 8M
 Heap Initial Capacity: 254M
 Heap Max Capacity: 2G
 Pre-touch: Disabled
 Parallel Workers: 10
 Concurrent Workers: 3
 Concurrent Refinement Workers: 10
 Periodic GC: Disabled
Heap:
 garbage-first heap   total 262144K, used 96747K [0x0000000080000000, 0x0000000100000000)
  region size 1024K, 58 young (59392K), 10 survivors (10240K)
 Metaspace       used 45304K, committed 45760K, reserved 491520K
  class space    used 6193K, committed 6400K, reserved 425984K
GC Heap History (20 events):
Event: 7.026 GC heap before
{Heap before GC invocations=27 (full 0):
 garbage-first heap   total 181248K, used 143665K [0x0000000080000000, 0x0000000100000000)
  region size 1024K, 106 young (108544K), 7 survivors (7168K)
 Metaspace       used 45277K, committed 45760K, reserved 491520K
  class space    used 6192K, committed 6400K, reserved 425984K
}
Event: 7.029 GC heap after
{Heap after GC invocations=28 (full 0):
 garbage-first heap   total 181248K, used 42660K [0x0000000080000000, 0x0000000100000000)
  region size 1024K, 7 young (7168K), 7 survivors (7168K)
 Metaspace       used 45277K, committed 45760K, reserved 491520K
  class space    used 6192K, committed 6400K, reserved 425984K
}
Event: 7.259 GC heap before
{Heap before GC invocations=28 (full 0):
 garbage-first heap   total 181248K, used 144036K [0x0000000080000000, 0x0000000100000000)
  region size 1024K, 106 young (108544K), 7 survivors (7168K)
 Metaspace       used 45278K, committed 45760K, reserved 491520K
  class space    used 6192K, committed 6400K, reserved 425984K
}
Event: 7.262 GC heap after
{Heap after GC invocations=29 (full 0):
 garbage-first heap   total 181248K, used 43527K [0x0000000080000000, 0x0000000100000000)
  region size 1024K, 7 young (7168K), 7 survivors (7168K)
 Metaspace       used 45278K, committed 45760K, reserved 491520K
  class space    used 6192K, committed 6400K, reserved 425984K
}
Event: 7.448 GC heap before
{Heap before GC invocations=29 (full 0):
 garbage-first heap   total 181248K, used 144903K [0x0000000080000000, 0x0000000100000000)
  region size 1024K, 106 young (108544K), 7 survivors (7168K)
 Metaspace       used 45283K, committed 45760K, reserved 491520K
  class space    used 6192K, committed 6400K, reserved 425984K
}
Event: 7.451 GC heap after
{Heap after GC invocations=30 (full 0):
 garbage-first heap   total 218112K, used 44029K [0x0000000080000000, 0x0000000100000000)
  region size 1024K, 7 young (7168K), 7 survivors (7168K)
 Metaspace       used 45283K, committed 45760K, reserved 491520K
  class space    used 6192K, committed 6400K, reserved 425984K
}
Event: 7.661 GC heap before
{Heap before GC invocations=30 (full 0):
 garbage-first heap   total 218112K, used 166909K [0x0000000080000000, 0x0000000100000000)
  region size 1024K, 127 young (130048K), 7 survivors (7168K)
 Metaspace       used 45283K, committed 45760K, reserved 491520K
  class space    used 6192K, committed 6400K, reserved 425984K
}
Event: 7.664 GC heap after
{Heap after GC invocations=31 (full 0):
 garbage-first heap   total 218112K, used 44817K [0x0000000080000000, 0x0000000100000000)
  region size 1024K, 8 young (8192K), 8 survivors (8192K)
 Metaspace       used 45283K, committed 45760K, reserved 491520K
  class space    used 6192K, committed 6400K, reserved 425984K
}
Event: 7.893 GC heap before
{Heap before GC invocations=31 (full 0):
 garbage-first heap   total 218112K, used 166673K [0x0000000080000000, 0x0000000100000000)
  region size 1024K, 127 young (130048K), 8 survivors (8192K)
 Metaspace       used 45283K, committed 45760K, reserved 491520K
  class space    used 6192K, committed 6400K, reserved 425984K
}
Event: 7.897 GC heap after
{Heap after GC invocations=32 (full 0):
 garbage-first heap   total 218112K, used 45431K [0x0000000080000000, 0x0000000100000000)
  region size 1024K, 8 young (8192K), 8 survivors (8192K)
 Metaspace       used 45283K, committed 45760K, reserved 491520K
  class space    used 6192K, committed 6400K, reserved 425984K
}
Event: 8.036 GC heap before
{Heap before GC invocations=32 (full 0):
 garbage-first heap   total 218112K, used 167287K [0x0000000080000000, 0x0000000100000000)
  region size 1024K, 127 young (130048K), 8 survivors (8192K)
 Metaspace       used 45284K, committed 45760K, reserved 491520K
  class space    used 6192K, committed 6400K, reserved 425984K
}
Event: 8.039 GC heap after
{Heap after GC invocations=33 (full 0):
 garbage-first heap   total 218112K, used 45670K [0x0000000080000000, 0x0000000100000000)
  region size 1024K, 8 young (8192K), 8 survivors (8192K)
 Metaspace       used 45284K, committed 45760K, reserved 491520K
  class space    used 6192K, committed 6400K, reserved 425984K
}
Event: 8.159 GC heap before
{Heap before GC invocations=33 (full 0):
 garbage-first heap   total 218112K, used 167526K [0x0000000080000000, 0x0000000100000000)
  region size 1024K, 127 young (130048K), 8 survivors (8192K)
 Metaspace       used 45289K, committed 45760K, reserved 491520K
  class space    used 6193K, committed 6400K, reserved 425984K
}
Event: 8.162 GC heap after
{Heap after GC invocations=34 (full 0):
 garbage-first heap   total 218112K, used 46133K [0x0000000080000000, 0x0000000100000000)
  region size 1024K, 8 young (8192K), 8 survivors (8192K)
 Metaspace       used 45289K, committed 45760K, reserved 491520K
  class space    used 6193K, committed 6400K, reserved 425984K
}
Event: 8.313 GC heap before
{Heap before GC invocations=34 (full 0):
 garbage-first heap   total 218112K, used 167989K [0x0000000080000000, 0x0000000100000000)
  region size 1024K, 127 young (130048K), 8 survivors (8192K)
 Metaspace       used 45289K, committed 45760K, reserved 491520K
  class space    used 6193K, committed 6400K, reserved 425984K
}
Event: 8.317 GC heap after
{Heap after GC invocations=35 (full 0):
 garbage-first heap   total 218112K, used 46668K [0x0000000080000000, 0x0000000100000000)
  region size 1024K, 8 young (8192K), 8 survivors (8192K)
 Metaspace       used 45289K, committed 45760K, reserved 491520K
  class space    used 6193K, committed 6400K, reserved 425984K
}
Event: 8.473 GC heap before
{Heap before GC invocations=35 (full 0):
 garbage-first heap   total 218112K, used 168524K [0x0000000080000000, 0x0000000100000000)
  region size 1024K, 127 young (130048K), 8 survivors (8192K)
 Metaspace       used 45297K, committed 45760K, reserved 491520K
  class space    used 6193K, committed 6400K, reserved 425984K
}
Event: 8.477 GC heap after
{Heap after GC invocations=36 (full 0):
 garbage-first heap   total 262144K, used 47715K [0x0000000080000000, 0x0000000100000000)
  region size 1024K, 9 young (9216K), 9 survivors (9216K)
 Metaspace       used 45297K, committed 45760K, reserved 491520K
  class space    used 6193K, committed 6400K, reserved 425984K
}
Event: 8.746 GC heap before
{Heap before GC invocations=36 (full 0):
 garbage-first heap   total 262144K, used 195171K [0x0000000080000000, 0x0000000100000000)
  region size 1024K, 153 young (156672K), 9 survivors (9216K)
 Metaspace       used 45300K, committed 45760K, reserved 491520K
  class space    used 6193K, committed 6400K, reserved 425984K
}
Event: 8.750 GC heap after
{Heap after GC invocations=37 (full 0):
 garbage-first heap   total 262144K, used 48619K [0x0000000080000000, 0x0000000100000000)
  region size 1024K, 10 young (10240K), 10 survivors (10240K)
 Metaspace       used 45300K, committed 45760K, reserved 491520K
  class space    used 6193K, committed 6400K, reserved 425984K
}

