# JRE version: OpenJDK Runtime Environment Microsoft-10800295 (17.0.14+7) (build 17.0.14+7-LTS)
# Java VM: OpenJDK 64-Bit Server VM Microsoft-10800295 (17.0.14+7-LTS, mixed mode, sharing, tiered, compressed oops, compressed class ptrs, g1 gc, windows-amd64)
GC Precious Log:
 CPUs: 12 total, 12 available
 Memory: 16235M
 Large Page Support: Disabled
 NUMA Support: Disabled
 Compressed Oops: Enabled (32-bit)
 Heap Region Size: 1M
 Heap Min Capacity: 8M
 Heap Initial Capacity: 254M
 Heap Max Capacity: 2G
 Pre-touch: Disabled
 Parallel Workers: 10
 Concurrent Workers: 3
 Concurrent Refinement Workers: 10
 Periodic GC: Disabled
Heap:
 garbage-first heap   total 181248K, used 43020K [0x0000000080000000, 0x0000000100000000)
  region size 1024K, 7 young (7168K), 7 survivors (7168K)
 Metaspace       used 45275K, committed 45696K, reserved 491520K
  class space    used 6197K, committed 6400K, reserved 425984K
GC Heap History (20 events):
Event: 5.383 GC heap after
{Heap after GC invocations=20 (full 0):
 garbage-first heap   total 124928K, used 37860K [0x0000000080000000, 0x0000000100000000)
  region size 1024K, 4 young (4096K), 4 survivors (4096K)
 Metaspace       used 45218K, committed 45696K, reserved 491520K
  class space    used 6190K, committed 6400K, reserved 425984K
}
Event: 5.552 GC heap before
{Heap before GC invocations=20 (full 0):
 garbage-first heap   total 124928K, used 105444K [0x0000000080000000, 0x0000000100000000)
  region size 1024K, 70 young (71680K), 4 survivors (4096K)
 Metaspace       used 45227K, committed 45696K, reserved 491520K
  class space    used 6190K, committed 6400K, reserved 425984K
}
Event: 5.554 GC heap after
{Heap after GC invocations=21 (full 0):
 garbage-first heap   total 124928K, used 38174K [0x0000000080000000, 0x0000000100000000)
  region size 1024K, 5 young (5120K), 5 survivors (5120K)
 Metaspace       used 45227K, committed 45696K, reserved 491520K
  class space    used 6190K, committed 6400K, reserved 425984K
}
Event: 5.672 GC heap before
{Heap before GC invocations=21 (full 0):
 garbage-first heap   total 124928K, used 104734K [0x0000000080000000, 0x0000000100000000)
  region size 1024K, 70 young (71680K), 5 survivors (5120K)
 Metaspace       used 45227K, committed 45696K, reserved 491520K
  class space    used 6190K, committed 6400K, reserved 425984K
}
Event: 5.674 GC heap after
{Heap after GC invocations=22 (full 0):
 garbage-first heap   total 150528K, used 38402K [0x0000000080000000, 0x0000000100000000)
  region size 1024K, 5 young (5120K), 5 survivors (5120K)
 Metaspace       used 45227K, committed 45696K, reserved 491520K
  class space    used 6190K, committed 6400K, reserved 425984K
}
Event: 5.822 GC heap before
{Heap before GC invocations=22 (full 0):
 garbage-first heap   total 150528K, used 123394K [0x0000000080000000, 0x0000000100000000)
  region size 1024K, 88 young (90112K), 5 survivors (5120K)
 Metaspace       used 45227K, committed 45696K, reserved 491520K
  class space    used 6190K, committed 6400K, reserved 425984K
}
Event: 5.825 GC heap after
{Heap after GC invocations=23 (full 0):
 garbage-first heap   total 150528K, used 38646K [0x0000000080000000, 0x0000000100000000)
  region size 1024K, 5 young (5120K), 5 survivors (5120K)
 Metaspace       used 45227K, committed 45696K, reserved 491520K
  class space    used 6190K, committed 6400K, reserved 425984K
}
Event: 6.003 GC heap before
{Heap before GC invocations=23 (full 0):
 garbage-first heap   total 150528K, used 123638K [0x0000000080000000, 0x0000000100000000)
  region size 1024K, 88 young (90112K), 5 survivors (5120K)
 Metaspace       used 45236K, committed 45696K, reserved 491520K
  class space    used 6190K, committed 6400K, reserved 425984K
}
Event: 6.006 GC heap after
{Heap after GC invocations=24 (full 0):
 garbage-first heap   total 150528K, used 39133K [0x0000000080000000, 0x0000000100000000)
  region size 1024K, 5 young (5120K), 5 survivors (5120K)
 Metaspace       used 45236K, committed 45696K, reserved 491520K
  class space    used 6190K, committed 6400K, reserved 425984K
}
Event: 6.209 GC heap before
{Heap before GC invocations=24 (full 0):
 garbage-first heap   total 150528K, used 128221K [0x0000000080000000, 0x0000000100000000)
  region size 1024K, 88 young (90112K), 5 survivors (5120K)
 Metaspace       used 45261K, committed 45696K, reserved 491520K
  class space    used 6197K, committed 6400K, reserved 425984K
}
Event: 6.213 GC heap after
{Heap after GC invocations=25 (full 0):
 garbage-first heap   total 150528K, used 39957K [0x0000000080000000, 0x0000000100000000)
  region size 1024K, 6 young (6144K), 6 survivors (6144K)
 Metaspace       used 45261K, committed 45696K, reserved 491520K
  class space    used 6197K, committed 6400K, reserved 425984K
}
Event: 6.376 GC heap before
{Heap before GC invocations=25 (full 0):
 garbage-first heap   total 150528K, used 123925K [0x0000000080000000, 0x0000000100000000)
  region size 1024K, 88 young (90112K), 6 survivors (6144K)
 Metaspace       used 45265K, committed 45696K, reserved 491520K
  class space    used 6197K, committed 6400K, reserved 425984K
}
Event: 6.380 GC heap after
{Heap after GC invocations=26 (full 0):
 garbage-first heap   total 181248K, used 40688K [0x0000000080000000, 0x0000000100000000)
  region size 1024K, 7 young (7168K), 7 survivors (7168K)
 Metaspace       used 45265K, committed 45696K, reserved 491520K
  class space    used 6197K, committed 6400K, reserved 425984K
}
Event: 6.590 GC heap before
{Heap before GC invocations=26 (full 0):
 garbage-first heap   total 181248K, used 142064K [0x0000000080000000, 0x0000000100000000)
  region size 1024K, 106 young (108544K), 7 survivors (7168K)
 Metaspace       used 45268K, committed 45696K, reserved 491520K
  class space    used 6197K, committed 6400K, reserved 425984K
}
Event: 6.593 GC heap after
{Heap after GC invocations=27 (full 0):
 garbage-first heap   total 181248K, used 41346K [0x0000000080000000, 0x0000000100000000)
  region size 1024K, 6 young (6144K), 6 survivors (6144K)
 Metaspace       used 45268K, committed 45696K, reserved 491520K
  class space    used 6197K, committed 6400K, reserved 425984K
}
Event: 6.779 GC heap before
{Heap before GC invocations=27 (full 0):
 garbage-first heap   total 181248K, used 143746K [0x0000000080000000, 0x0000000100000000)
  region size 1024K, 106 young (108544K), 6 survivors (6144K)
 Metaspace       used 45269K, committed 45696K, reserved 491520K
  class space    used 6197K, committed 6400K, reserved 425984K
}
Event: 6.782 GC heap after
{Heap after GC invocations=28 (full 0):
 garbage-first heap   total 181248K, used 41757K [0x0000000080000000, 0x0000000100000000)
  region size 1024K, 6 young (6144K), 6 survivors (6144K)
 Metaspace       used 45269K, committed 45696K, reserved 491520K
  class space    used 6197K, committed 6400K, reserved 425984K
}
Event: 6.978 GC heap before
{Heap before GC invocations=28 (full 0):
 garbage-first heap   total 181248K, used 144157K [0x0000000080000000, 0x0000000100000000)
  region size 1024K, 106 young (108544K), 6 survivors (6144K)
 Metaspace       used 45270K, committed 45696K, reserved 491520K
  class space    used 6197K, committed 6400K, reserved 425984K
}
Event: 6.982 GC heap after
{Heap after GC invocations=29 (full 0):
 garbage-first heap   total 181248K, used 42485K [0x0000000080000000, 0x0000000100000000)
  region size 1024K, 7 young (7168K), 7 survivors (7168K)
 Metaspace       used 45270K, committed 45696K, reserved 491520K
  class space    used 6197K, committed 6400K, reserved 425984K
}
Event: 7.166 GC heap before
{Heap before GC invocations=29 (full 0):
 garbage-first heap   total 181248K, used 143861K [0x0000000080000000, 0x0000000100000000)
  region size 1024K, 106 young (108544K), 7 survivors (7168K)
 Metaspace       used 45275K, committed 45696K, reserved 491520K
  class space    used 6197K, committed 6400K, reserved 425984K
}

